<?xml version="1.0" encoding="UTF-8"?>
<!-- Generated by org.testng.reporters.JUnitReportReporter -->
<testsuite hostname="chelaks-mbp.lan" failures="0" tests="2" name="Test.StainlessWorkTableTestPage" time="39.921" errors="0" timestamp="2022-05-27T19:57:49 CDT" skipped="0">
  <testcase classname="Test.StainlessWorkTableTestPage" name="verifystainessworktablepage" time="3.266"/>
  <system-out/>
  <testcase classname="Test.StainlessWorkTableTestPage" name="validatesatainlessworktablepage" time="36.655"/>
  <system-out/>
</testsuite> <!-- Test.StainlessWorkTableTestPage -->
