<?xml version="1.0" encoding="UTF-8"?>
<!-- Generated by org.testng.reporters.JUnitReportReporter -->
<testsuite hostname="chelaks-mbp.lan" failures="0" tests="2" name="Test.HomePageTest" time="3.117" errors="0" timestamp="2022-05-27T17:44:07 CDT" skipped="0">
  <testcase classname="Test.HomePageTest" name="verifyHomepageTitle" time="0.125"/>
  <system-out/>
  <testcase classname="Test.HomePageTest" name="validatehomepage" time="2.992"/>
  <system-out/>
</testsuite> <!-- Test.HomePageTest -->
